<?xml version="1.0" encoding="UTF-8"?>
<!-- Generated by org.testng.reporters.JUnitReportReporter -->
<testsuite hostname="DESKTOP-DUB5UPV" name="Testcase.Homepage" tests="2" failures="0" timestamp="28 Jan 2021 10:38:23 GMT" time="13.651" errors="0">
  <testcase name="click_oncalender" time="9.136" classname="Testcase.Homepage"/>
  <testcase name="launchurl" time="4.515" classname="Testcase.Homepage"/>
</testsuite> <!-- Testcase.Homepage -->
