<?xml version="1.0" encoding="UTF-8"?>
<!-- Generated by org.testng.reporters.JUnitReportReporter -->
<testsuite hostname="DESKTOP-DUB5UPV" name="Testcase.SecondCalender" tests="6" failures="0" timestamp="28 Jan 2021 05:58:38 GMT" time="10.667" errors="0">
  <testcase name="select_month_secondcalender" time="0.515" classname="Testcase.SecondCalender"/>
  <testcase name="click_ondate_secondcalender" time="0.290" classname="Testcase.SecondCalender"/>
  <testcase name="select_year" time="0.284" classname="Testcase.SecondCalender"/>
  <testcase name="click_on_Secondcalender" time="0.169" classname="Testcase.SecondCalender"/>
  <testcase name="click_calcutionduration" time="9.290" classname="Testcase.SecondCalender"/>
  <testcase name="verify_result" time="0.119" classname="Testcase.SecondCalender"/>
</testsuite> <!-- Testcase.SecondCalender -->
